<?xml version="1.0" encoding="UTF-8"?>
<testng-results skipped="0" failed="0" ignored="0" total="1" passed="1">
  <reporter-output>
  </reporter-output>
  <suite name="Default suite" duration-ms="16407" started-at="2017-11-16T17:49:23Z" finished-at="2017-11-16T17:49:39Z">
    <groups>
    </groups>
    <test name="Default test" duration-ms="16407" started-at="2017-11-16T17:49:23Z" finished-at="2017-11-16T17:49:39Z">
      <class name="com.automation.testcases.RegistrationTest">
        <test-method status="PASS" signature="setUp()[pri:0, instance:com.automation.testcases.RegistrationTest@4501b7af]" name="setUp" is-config="true" duration-ms="8118" started-at="2017-11-16T11:49:23Z" finished-at="2017-11-16T11:49:31Z">
          <reporter-output>
          </reporter-output>
        </test-method> <!-- setUp -->
        <test-method status="PASS" signature="verifyRegistrationSuccess()[pri:0, instance:com.automation.testcases.RegistrationTest@4501b7af]" name="verifyRegistrationSuccess" duration-ms="6063" started-at="2017-11-16T11:49:31Z" finished-at="2017-11-16T11:49:37Z">
          <reporter-output>
          </reporter-output>
        </test-method> <!-- verifyRegistrationSuccess -->
        <test-method status="PASS" signature="endTest()[pri:0, instance:com.automation.testcases.RegistrationTest@4501b7af]" name="endTest" is-config="true" duration-ms="2193" started-at="2017-11-16T11:49:37Z" finished-at="2017-11-16T11:49:39Z">
          <reporter-output>
          </reporter-output>
        </test-method> <!-- endTest -->
      </class> <!-- com.automation.testcases.RegistrationTest -->
    </test> <!-- Default test -->
  </suite> <!-- Default suite -->
</testng-results>
