<?xml version="1.0" encoding="UTF-8"?>
<testng-results skipped="0" failed="0" total="1" passed="1">
  <reporter-output>
  </reporter-output>
  <suite name="Suite" duration-ms="10600" started-at="2017-12-03T21:56:59Z" finished-at="2017-12-03T21:57:10Z">
    <groups>
      <group name="cucumber">
        <method signature="AbstractTestNGCucumberTests.feature(cucumber.api.testng.CucumberFeatureWrapper)[pri:0, instance:com.cucumber.framework.runner.FacebookLoginFeatureRunner@29774679]" name="feature" class="cucumber.api.testng.AbstractTestNGCucumberTests"/>
      </group> <!-- cucumber -->
    </groups>
    <test name="Test - 1" duration-ms="10600" started-at="2017-12-03T21:56:59Z" finished-at="2017-12-03T21:57:10Z">
      <class name="com.cucumber.framework.runner.FacebookLoginFeatureRunner">
        <test-method status="PASS" signature="setUpClass()[pri:0, instance:com.cucumber.framework.runner.FacebookLoginFeatureRunner@29774679]" name="setUpClass" is-config="true" duration-ms="375" started-at="2017-12-03T15:56:59Z" finished-at="2017-12-03T15:57:00Z">
          <reporter-output>
          </reporter-output>
        </test-method> <!-- setUpClass -->
        <test-method status="PASS" signature="feature(cucumber.api.testng.CucumberFeatureWrapper)[pri:0, instance:com.cucumber.framework.runner.FacebookLoginFeatureRunner@29774679]" name="feature" duration-ms="10037" started-at="2017-12-03T15:57:00Z" description="Runs Cucumber Feature" data-provider="features" finished-at="2017-12-03T15:57:10Z">
          <params>
            <param index="0">
              <value>
                <![CDATA[Login to facebook]]>
              </value>
            </param>
          </params>
          <reporter-output>
          </reporter-output>
        </test-method> <!-- feature -->
        <test-method status="PASS" signature="tearDownClass()[pri:0, instance:com.cucumber.framework.runner.FacebookLoginFeatureRunner@29774679]" name="tearDownClass" is-config="true" duration-ms="6" started-at="2017-12-03T15:57:10Z" finished-at="2017-12-03T15:57:10Z">
          <reporter-output>
          </reporter-output>
        </test-method> <!-- tearDownClass -->
      </class> <!-- com.cucumber.framework.runner.FacebookLoginFeatureRunner -->
    </test> <!-- Test - 1 -->
  </suite> <!-- Suite -->
</testng-results>
